<?xml version="1.0" encoding="UTF-8"?>
<!-- Generated by org.testng.reporters.JUnitReportReporter -->
<testsuite hostname="89f77ed6c40b" failures="0" tests="9" name="com.kardockdock.tests.vendorportal.VendorPortalTest" time="133.249" errors="0" timestamp="2024-03-26T21:38:30 GMT" skipped="0">
  <testcase classname="com.kardockdock.tests.vendorportal.VendorPortalTest" name="dashboardTest" time="13.754"/>
  <testcase classname="com.kardockdock.tests.vendorportal.VendorPortalTest" name="logoutTest" time="14.267"/>
  <testcase classname="com.kardockdock.tests.vendorportal.VendorPortalTest" name="loginTest" time="19.230"/>
  <testcase classname="com.kardockdock.tests.vendorportal.VendorPortalTest" name="loginTest" time="19.112"/>
  <testcase classname="com.kardockdock.tests.vendorportal.VendorPortalTest" name="dashboardTest" time="13.889"/>
  <testcase classname="com.kardockdock.tests.vendorportal.VendorPortalTest" name="logoutTest" time="11.337"/>
  <testcase classname="com.kardockdock.tests.vendorportal.VendorPortalTest" name="dashboardTest" time="14.032"/>
  <testcase classname="com.kardockdock.tests.vendorportal.VendorPortalTest" name="loginTest" time="20.575"/>
  <testcase classname="com.kardockdock.tests.vendorportal.VendorPortalTest" name="logoutTest" time="7.053"/>
</testsuite> <!-- com.kardockdock.tests.vendorportal.VendorPortalTest -->
