<?xml version="1.0" encoding="UTF-8"?>
<!-- Generated by org.testng.reporters.JUnitReportReporter -->
<testsuite hostname="ef6a73bb460e" failures="0" tests="9" name="com.kardockdock.tests.vendorportal.VendorPortalTest" time="62.393" errors="0" timestamp="2024-03-27T14:33:56 GMT" skipped="0">
  <testcase classname="com.kardockdock.tests.vendorportal.VendorPortalTest" name="loginTest" time="8.676"/>
  <testcase classname="com.kardockdock.tests.vendorportal.VendorPortalTest" name="loginTest" time="8.601"/>
  <testcase classname="com.kardockdock.tests.vendorportal.VendorPortalTest" name="dashboardTest" time="7.166"/>
  <testcase classname="com.kardockdock.tests.vendorportal.VendorPortalTest" name="dashboardTest" time="6.429"/>
  <testcase classname="com.kardockdock.tests.vendorportal.VendorPortalTest" name="logoutTest" time="5.997"/>
  <testcase classname="com.kardockdock.tests.vendorportal.VendorPortalTest" name="dashboardTest" time="6.888"/>
  <testcase classname="com.kardockdock.tests.vendorportal.VendorPortalTest" name="logoutTest" time="3.014"/>
  <testcase classname="com.kardockdock.tests.vendorportal.VendorPortalTest" name="loginTest" time="8.403"/>
  <testcase classname="com.kardockdock.tests.vendorportal.VendorPortalTest" name="logoutTest" time="7.219"/>
</testsuite> <!-- com.kardockdock.tests.vendorportal.VendorPortalTest -->
