<?xml version="1.0" encoding="UTF-8"?>
<!-- Generated by org.testng.reporters.JUnitReportReporter -->
<testsuite hostname="05fba70f7738" failures="0" tests="9" name="com.kardockdock.tests.vendorportal.VendorPortalTest" time="211.257" errors="0" timestamp="2024-03-25T21:06:38 GMT" skipped="0">
  <testcase classname="com.kardockdock.tests.vendorportal.VendorPortalTest" name="dashboardTest" time="14.778"/>
  <testcase classname="com.kardockdock.tests.vendorportal.VendorPortalTest" name="loginTest" time="47.087"/>
  <testcase classname="com.kardockdock.tests.vendorportal.VendorPortalTest" name="loginTest" time="35.864"/>
  <testcase classname="com.kardockdock.tests.vendorportal.VendorPortalTest" name="dashboardTest" time="20.500"/>
  <testcase classname="com.kardockdock.tests.vendorportal.VendorPortalTest" name="dashboardTest" time="22.418"/>
  <testcase classname="com.kardockdock.tests.vendorportal.VendorPortalTest" name="logoutTest" time="9.469"/>
  <testcase classname="com.kardockdock.tests.vendorportal.VendorPortalTest" name="logoutTest" time="11.767"/>
  <testcase classname="com.kardockdock.tests.vendorportal.VendorPortalTest" name="loginTest" time="36.950"/>
  <testcase classname="com.kardockdock.tests.vendorportal.VendorPortalTest" name="logoutTest" time="12.424"/>
</testsuite> <!-- com.kardockdock.tests.vendorportal.VendorPortalTest -->
