<?xml version="1.0" encoding="UTF-8"?>
<!-- Generated by org.testng.reporters.JUnitReportReporter -->
<testsuite hostname="0fafa4726b5c" failures="0" tests="20" name="com.kardockdock.tests.flightreservation.FlightReservationTest" time="238.137" errors="0" timestamp="2024-03-25T21:07:19 GMT" skipped="0">
  <testcase classname="com.kardockdock.tests.flightreservation.FlightReservationTest" name="flightReservationConfirmationTest" time="3.544"/>
  <testcase classname="com.kardockdock.tests.flightreservation.FlightReservationTest" name="flightReservationConfirmationTest" time="1.819"/>
  <testcase classname="com.kardockdock.tests.flightreservation.FlightReservationTest" name="flightsSelectionTest" time="3.994"/>
  <testcase classname="com.kardockdock.tests.flightreservation.FlightReservationTest" name="registrationConfirmationTest" time="5.271"/>
  <testcase classname="com.kardockdock.tests.flightreservation.FlightReservationTest" name="userRegistrationTest" time="55.475"/>
  <testcase classname="com.kardockdock.tests.flightreservation.FlightReservationTest" name="flightsSearchTest" time="8.462"/>
  <testcase classname="com.kardockdock.tests.flightreservation.FlightReservationTest" name="userRegistrationTest" time="52.145"/>
  <testcase classname="com.kardockdock.tests.flightreservation.FlightReservationTest" name="registrationConfirmationTest" time="8.478"/>
  <testcase classname="com.kardockdock.tests.flightreservation.FlightReservationTest" name="flightsSearchTest" time="7.596"/>
  <testcase classname="com.kardockdock.tests.flightreservation.FlightReservationTest" name="flightsSearchTest" time="6.582"/>
  <testcase classname="com.kardockdock.tests.flightreservation.FlightReservationTest" name="registrationConfirmationTest" time="6.015"/>
  <testcase classname="com.kardockdock.tests.flightreservation.FlightReservationTest" name="userRegistrationTest" time="53.107"/>
  <testcase classname="com.kardockdock.tests.flightreservation.FlightReservationTest" name="flightsSelectionTest" time="4.582"/>
  <testcase classname="com.kardockdock.tests.flightreservation.FlightReservationTest" name="flightsSearchTest" time="2.472"/>
  <testcase classname="com.kardockdock.tests.flightreservation.FlightReservationTest" name="flightReservationConfirmationTest" time="0.827"/>
  <testcase classname="com.kardockdock.tests.flightreservation.FlightReservationTest" name="userRegistrationTest" time="8.298"/>
  <testcase classname="com.kardockdock.tests.flightreservation.FlightReservationTest" name="flightsSelectionTest" time="1.866"/>
  <testcase classname="com.kardockdock.tests.flightreservation.FlightReservationTest" name="flightsSelectionTest" time="4.086"/>
  <testcase classname="com.kardockdock.tests.flightreservation.FlightReservationTest" name="registrationConfirmationTest" time="1.709"/>
  <testcase classname="com.kardockdock.tests.flightreservation.FlightReservationTest" name="flightReservationConfirmationTest" time="1.809"/>
</testsuite> <!-- com.kardockdock.tests.flightreservation.FlightReservationTest -->
