<?xml version="1.0" encoding="UTF-8"?>
<!-- Generated by org.testng.reporters.JUnitReportReporter -->
<testsuite hostname="c5470499c7ce" failures="0" tests="20" name="com.kardockdock.tests.flightreservation.FlightReservationTest" time="65.850" errors="0" timestamp="2024-03-27T14:34:22 GMT" skipped="0">
  <testcase classname="com.kardockdock.tests.flightreservation.FlightReservationTest" name="flightsSelectionTest" time="2.419"/>
  <testcase classname="com.kardockdock.tests.flightreservation.FlightReservationTest" name="userRegistrationTest" time="11.735"/>
  <testcase classname="com.kardockdock.tests.flightreservation.FlightReservationTest" name="flightsSelectionTest" time="2.075"/>
  <testcase classname="com.kardockdock.tests.flightreservation.FlightReservationTest" name="flightReservationConfirmationTest" time="1.668"/>
  <testcase classname="com.kardockdock.tests.flightreservation.FlightReservationTest" name="registrationConfirmationTest" time="1.876"/>
  <testcase classname="com.kardockdock.tests.flightreservation.FlightReservationTest" name="registrationConfirmationTest" time="1.644"/>
  <testcase classname="com.kardockdock.tests.flightreservation.FlightReservationTest" name="flightsSearchTest" time="1.949"/>
  <testcase classname="com.kardockdock.tests.flightreservation.FlightReservationTest" name="flightReservationConfirmationTest" time="1.753"/>
  <testcase classname="com.kardockdock.tests.flightreservation.FlightReservationTest" name="flightsSearchTest" time="2.981"/>
  <testcase classname="com.kardockdock.tests.flightreservation.FlightReservationTest" name="registrationConfirmationTest" time="1.309"/>
  <testcase classname="com.kardockdock.tests.flightreservation.FlightReservationTest" name="flightsSelectionTest" time="1.827"/>
  <testcase classname="com.kardockdock.tests.flightreservation.FlightReservationTest" name="flightsSelectionTest" time="2.418"/>
  <testcase classname="com.kardockdock.tests.flightreservation.FlightReservationTest" name="flightsSearchTest" time="1.774"/>
  <testcase classname="com.kardockdock.tests.flightreservation.FlightReservationTest" name="flightReservationConfirmationTest" time="1.687"/>
  <testcase classname="com.kardockdock.tests.flightreservation.FlightReservationTest" name="flightsSearchTest" time="1.145"/>
  <testcase classname="com.kardockdock.tests.flightreservation.FlightReservationTest" name="flightReservationConfirmationTest" time="0.652"/>
  <testcase classname="com.kardockdock.tests.flightreservation.FlightReservationTest" name="userRegistrationTest" time="2.869"/>
  <testcase classname="com.kardockdock.tests.flightreservation.FlightReservationTest" name="userRegistrationTest" time="11.713"/>
  <testcase classname="com.kardockdock.tests.flightreservation.FlightReservationTest" name="registrationConfirmationTest" time="0.678"/>
  <testcase classname="com.kardockdock.tests.flightreservation.FlightReservationTest" name="userRegistrationTest" time="11.678"/>
</testsuite> <!-- com.kardockdock.tests.flightreservation.FlightReservationTest -->
