<?xml version="1.0" encoding="UTF-8"?>
<!-- Generated by org.testng.reporters.JUnitReportReporter -->
<testsuite hostname="c131b90132de" failures="0" tests="20" name="com.kardockdock.tests.flightreservation.FlightReservationTest" time="100.772" errors="0" timestamp="2024-03-25T20:29:04 GMT" skipped="0">
  <testcase classname="com.kardockdock.tests.flightreservation.FlightReservationTest" name="registrationConfirmationTest" time="1.581"/>
  <testcase classname="com.kardockdock.tests.flightreservation.FlightReservationTest" name="flightsSelectionTest" time="3.461"/>
  <testcase classname="com.kardockdock.tests.flightreservation.FlightReservationTest" name="registrationConfirmationTest" time="0.727"/>
  <testcase classname="com.kardockdock.tests.flightreservation.FlightReservationTest" name="userRegistrationTest" time="17.885"/>
  <testcase classname="com.kardockdock.tests.flightreservation.FlightReservationTest" name="flightsSelectionTest" time="2.914"/>
  <testcase classname="com.kardockdock.tests.flightreservation.FlightReservationTest" name="flightsSearchTest" time="2.408"/>
  <testcase classname="com.kardockdock.tests.flightreservation.FlightReservationTest" name="userRegistrationTest" time="17.894"/>
  <testcase classname="com.kardockdock.tests.flightreservation.FlightReservationTest" name="userRegistrationTest" time="8.456"/>
  <testcase classname="com.kardockdock.tests.flightreservation.FlightReservationTest" name="userRegistrationTest" time="18.414"/>
  <testcase classname="com.kardockdock.tests.flightreservation.FlightReservationTest" name="flightsSearchTest" time="2.673"/>
  <testcase classname="com.kardockdock.tests.flightreservation.FlightReservationTest" name="flightReservationConfirmationTest" time="1.750"/>
  <testcase classname="com.kardockdock.tests.flightreservation.FlightReservationTest" name="flightReservationConfirmationTest" time="1.837"/>
  <testcase classname="com.kardockdock.tests.flightreservation.FlightReservationTest" name="flightsSelectionTest" time="3.414"/>
  <testcase classname="com.kardockdock.tests.flightreservation.FlightReservationTest" name="flightsSearchTest" time="2.849"/>
  <testcase classname="com.kardockdock.tests.flightreservation.FlightReservationTest" name="registrationConfirmationTest" time="2.517"/>
  <testcase classname="com.kardockdock.tests.flightreservation.FlightReservationTest" name="flightReservationConfirmationTest" time="0.282"/>
  <testcase classname="com.kardockdock.tests.flightreservation.FlightReservationTest" name="flightsSearchTest" time="3.589"/>
  <testcase classname="com.kardockdock.tests.flightreservation.FlightReservationTest" name="flightReservationConfirmationTest" time="1.707"/>
  <testcase classname="com.kardockdock.tests.flightreservation.FlightReservationTest" name="flightsSelectionTest" time="3.143"/>
  <testcase classname="com.kardockdock.tests.flightreservation.FlightReservationTest" name="registrationConfirmationTest" time="3.271"/>
</testsuite> <!-- com.kardockdock.tests.flightreservation.FlightReservationTest -->
