<?xml version="1.0" encoding="UTF-8"?>
<!-- Generated by org.testng.reporters.JUnitReportReporter -->
<testsuite hostname="f99bb6c7d646" failures="0" tests="20" name="com.kardockdock.tests.flightreservation.FlightReservationTest" time="83.962" errors="0" timestamp="2024-03-26T21:38:54 GMT" skipped="0">
  <testcase classname="com.kardockdock.tests.flightreservation.FlightReservationTest" name="flightsSearchTest" time="3.075"/>
  <testcase classname="com.kardockdock.tests.flightreservation.FlightReservationTest" name="userRegistrationTest" time="2.741"/>
  <testcase classname="com.kardockdock.tests.flightreservation.FlightReservationTest" name="flightReservationConfirmationTest" time="2.050"/>
  <testcase classname="com.kardockdock.tests.flightreservation.FlightReservationTest" name="flightsSelectionTest" time="1.402"/>
  <testcase classname="com.kardockdock.tests.flightreservation.FlightReservationTest" name="userRegistrationTest" time="16.985"/>
  <testcase classname="com.kardockdock.tests.flightreservation.FlightReservationTest" name="flightReservationConfirmationTest" time="2.370"/>
  <testcase classname="com.kardockdock.tests.flightreservation.FlightReservationTest" name="userRegistrationTest" time="17.412"/>
  <testcase classname="com.kardockdock.tests.flightreservation.FlightReservationTest" name="userRegistrationTest" time="17.233"/>
  <testcase classname="com.kardockdock.tests.flightreservation.FlightReservationTest" name="registrationConfirmationTest" time="0.182"/>
  <testcase classname="com.kardockdock.tests.flightreservation.FlightReservationTest" name="registrationConfirmationTest" time="1.700"/>
  <testcase classname="com.kardockdock.tests.flightreservation.FlightReservationTest" name="flightsSelectionTest" time="0.884"/>
  <testcase classname="com.kardockdock.tests.flightreservation.FlightReservationTest" name="flightsSearchTest" time="1.004"/>
  <testcase classname="com.kardockdock.tests.flightreservation.FlightReservationTest" name="registrationConfirmationTest" time="2.720"/>
  <testcase classname="com.kardockdock.tests.flightreservation.FlightReservationTest" name="flightReservationConfirmationTest" time="1.244"/>
  <testcase classname="com.kardockdock.tests.flightreservation.FlightReservationTest" name="flightReservationConfirmationTest" time="1.748"/>
  <testcase classname="com.kardockdock.tests.flightreservation.FlightReservationTest" name="flightsSelectionTest" time="1.548"/>
  <testcase classname="com.kardockdock.tests.flightreservation.FlightReservationTest" name="flightsSelectionTest" time="2.623"/>
  <testcase classname="com.kardockdock.tests.flightreservation.FlightReservationTest" name="flightsSearchTest" time="2.688"/>
  <testcase classname="com.kardockdock.tests.flightreservation.FlightReservationTest" name="registrationConfirmationTest" time="1.917"/>
  <testcase classname="com.kardockdock.tests.flightreservation.FlightReservationTest" name="flightsSearchTest" time="2.436"/>
</testsuite> <!-- com.kardockdock.tests.flightreservation.FlightReservationTest -->
